<?xml version='1.0' encoding='UTF-8'?>
<testsuite hostname="compsci220" name="TestSuite" tests="43" errors="0" failures="0" skipped="0" time="3.165">
                     <properties>
[...]
</properties>
                     <testcase classname="TestSuite" name="The solution object must be defined" time="0.034">
                                                 
                                               </testcase><testcase classname="TestSuite" name="peers work" time="0.007">
                                                 
                                               </testcase><testcase classname="TestSuite" name="nextStates properly sorted" time="0.117">
                                                 
                                               </testcase><testcase classname="TestSuite" name="valueAt works" time="0.002">
                                                 
                                               </testcase><testcase classname="TestSuite" name="solve works" time="0.243">
                                                 
                                               </testcase><testcase classname="TestSuite" name="puzzle 1" time="0.059">
                                                 
                                               </testcase><testcase classname="TestSuite" name="puzzle 2" time="0.031">
                                                 
                                               </testcase><testcase classname="TestSuite" name="puzzle 3" time="0.027">
                                                 
                                               </testcase><testcase classname="TestSuite" name="puzzle 4" time="0.03">
                                                 
                                               </testcase><testcase classname="TestSuite" name="puzzle 5" time="0.001">
                                                 
                                               </testcase><testcase classname="TestSuite" name="puzzle 6" time="0.001">
                                                 
                                               </testcase><testcase classname="TestSuite" name="puzzle 7" time="0.025">
                                                 
                                               </testcase><testcase classname="TestSuite" name="puzzle 8" time="0.062">
                                                 
                                               </testcase><testcase classname="TestSuite" name="puzzle 9" time="0.002">
                                                 
                                               </testcase><testcase classname="TestSuite" name="puzzle 10" time="0.028">
                                                 
                                               </testcase><testcase classname="TestSuite" name="puzzle 11" time="0.002">
                                                 
                                               </testcase><testcase classname="TestSuite" name="puzzle 12" time="0.014">
                                                 
                                               </testcase><testcase classname="TestSuite" name="puzzle 13" time="0.012">
                                                 
                                               </testcase><testcase classname="TestSuite" name="puzzle 14" time="0.001">
                                                 
                                               </testcase><testcase classname="TestSuite" name="puzzle 15" time="0.001">
                                                 
                                               </testcase><testcase classname="TestSuite" name="puzzle 16" time="0.024">
                                                 
                                               </testcase><testcase classname="TestSuite" name="puzzle 17" time="0.001">
                                                 
                                               </testcase><testcase classname="TestSuite" name="puzzle 18" time="0.001">
                                                 
                                               </testcase><testcase classname="TestSuite" name="puzzle 19" time="0.03">
                                                 
                                               </testcase><testcase classname="TestSuite" name="puzzle 20" time="0.019">
                                                 
                                               </testcase><testcase classname="TestSuite" name="puzzle 21" time="0.02">
                                                 
                                               </testcase><testcase classname="TestSuite" name="puzzle 22" time="0.02">
                                                 
                                               </testcase><testcase classname="TestSuite" name="puzzle 23" time="0.033">
                                                 
                                               </testcase><testcase classname="TestSuite" name="puzzle 24" time="0.02">
                                                 
                                               </testcase><testcase classname="TestSuite" name="puzzle 25" time="0.033">
                                                 
                                               </testcase><testcase classname="TestSuite" name="puzzle 26" time="0.034">
                                                 
                                               </testcase><testcase classname="TestSuite" name="puzzle 27" time="0.064">
                                                 
                                               </testcase><testcase classname="TestSuite" name="puzzle 28" time="0.027">
                                                 
                                               </testcase><testcase classname="TestSuite" name="puzzle 29" time="0.001">
                                                 
                                               </testcase><testcase classname="TestSuite" name="puzzle 30" time="0.028">
                                                 
                                               </testcase><testcase classname="TestSuite" name="puzzle 31" time="0.001">
                                                 
                                               </testcase><testcase classname="TestSuite" name="puzzle 32" time="0.025">
                                                 
                                               </testcase><testcase classname="TestSuite" name="puzzle 33" time="0.001">
                                                 
                                               </testcase><testcase classname="TestSuite" name="puzzle 34" time="0.055">
                                                 
                                               </testcase><testcase classname="TestSuite" name="puzzle 35" time="0.001">
                                                 
                                               </testcase><testcase classname="TestSuite" name="puzzle 36" time="0.058">
                                                 
                                               </testcase><testcase classname="TestSuite" name="puzzle 37" time="0.029">
                                                 
                                               </testcase><testcase classname="TestSuite" name="puzzle 38" time="1.941">
                                                 
                                               </testcase>
                     <system-out><![CDATA[]]></system-out>
                     <system-err><![CDATA[]]></system-err>
                   </testsuite>