<?xml version='1.0' encoding='UTF-8'?>
<testsuite hostname="compsci220" name="TrivialTestSuite" tests="38" errors="0" failures="0" skipped="0" time="0.037">
                     <properties>
[...]
</properties>
                     <testcase classname="TrivialTestSuite" name="The Regexes object must be defined" time="0.015">
                                                 
                                               </testcase><testcase classname="TrivialTestSuite" name="a1" time="0.003">
                                                 
                                               </testcase><testcase classname="TrivialTestSuite" name="a2" time="0.002">
                                                 
                                               </testcase><testcase classname="TrivialTestSuite" name="b1" time="0.001">
                                                 
                                               </testcase><testcase classname="TrivialTestSuite" name="b2" time="0.0">
                                                 
                                               </testcase><testcase classname="TrivialTestSuite" name="b3" time="0.0">
                                                 
                                               </testcase><testcase classname="TrivialTestSuite" name="c1" time="0.001">
                                                 
                                               </testcase><testcase classname="TrivialTestSuite" name="c2" time="0.0">
                                                 
                                               </testcase><testcase classname="TrivialTestSuite" name="d1" time="0.0">
                                                 
                                               </testcase><testcase classname="TrivialTestSuite" name="d2" time="0.001">
                                                 
                                               </testcase><testcase classname="TrivialTestSuite" name="e" time="0.0">
                                                 
                                               </testcase><testcase classname="TrivialTestSuite" name="f" time="0.001">
                                                 
                                               </testcase><testcase classname="TrivialTestSuite" name="f2" time="0.001">
                                                 
                                               </testcase><testcase classname="TrivialTestSuite" name="g" time="0.0">
                                                 
                                               </testcase><testcase classname="TrivialTestSuite" name="g2" time="0.0">
                                                 
                                               </testcase><testcase classname="TrivialTestSuite" name="g3" time="0.001">
                                                 
                                               </testcase><testcase classname="TrivialTestSuite" name="h1" time="0.0">
                                                 
                                               </testcase><testcase classname="TrivialTestSuite" name="h2" time="0.0">
                                                 
                                               </testcase><testcase classname="TrivialTestSuite" name="h3" time="0.0">
                                                 
                                               </testcase><testcase classname="TrivialTestSuite" name="h4" time="0.0">
                                                 
                                               </testcase><testcase classname="TrivialTestSuite" name="z" time="0.0">
                                                 
                                               </testcase><testcase classname="TrivialTestSuite" name="time match works" time="0.0">
                                                 
                                               </testcase><testcase classname="TrivialTestSuite" name="comment match works" time="0.001">
                                                 
                                               </testcase><testcase classname="TrivialTestSuite" name="notAlphanumeric test" time="0.001">
                                                 
                                               </testcase><testcase classname="TrivialTestSuite" name="notAlphanumeric test 2" time="0.001">
                                                 
                                               </testcase><testcase classname="TrivialTestSuite" name="time test" time="0.001">
                                                 
                                               </testcase><testcase classname="TrivialTestSuite" name="time test 2" time="0.001">
                                                 
                                               </testcase><testcase classname="TrivialTestSuite" name="phone number test" time="0.0">
                                                 
                                               </testcase><testcase classname="TrivialTestSuite" name="phone number test 2" time="0.0">
                                                 
                                               </testcase><testcase classname="TrivialTestSuite" name="zip test" time="0.0">
                                                 
                                               </testcase><testcase classname="TrivialTestSuite" name="zip test 2" time="0.001">
                                                 
                                               </testcase><testcase classname="TrivialTestSuite" name="zip test 3" time="0.001">
                                                 
                                               </testcase><testcase classname="TrivialTestSuite" name="comment test" time="0.0">
                                                 
                                               </testcase><testcase classname="TrivialTestSuite" name="comment test 2" time="0.001">
                                                 
                                               </testcase><testcase classname="TrivialTestSuite" name="numberPhrase test" time="0.001">
                                                 
                                               </testcase><testcase classname="TrivialTestSuite" name="roman test" time="0.0">
                                                 
                                               </testcase><testcase classname="TrivialTestSuite" name="date test" time="0.001">
                                                 
                                               </testcase><testcase classname="TrivialTestSuite" name="evenParity test" time="0.001">
                                                 
                                               </testcase>
                     <system-out><![CDATA[]]></system-out>
                     <system-err><![CDATA[]]></system-err>
                   </testsuite>